android/build/intermediates/manifest_merge_blame_file/debug/manifest-merger-blame-debug-report.txt
1<?xml version="1.0" encoding="utf-8"?>
2<manifest xmlns:android="http://schemas.android.com/apk/res/android"
3    package="org.lovebing.reactnative.baidumap"
4    android:versionCode="1"
5    android:versionName="unspecified" >
6
7    <uses-sdk
8        android:minSdkVersion="21"
8-->src\main\AndroidManifest.xml
9        android:targetSdkVersion="31" />
9-->src\main\AndroidManifest.xml
10
11    <application>
11-->src\main\AndroidManifest.xml:3:5-6:19
12        <service
12-->src\main\AndroidManifest.xml:4:9-5:19
13            android:name="com.baidu.location.f"
13-->src\main\AndroidManifest.xml:4:18-53
14            android:enabled="true"
14-->src\main\AndroidManifest.xml:4:54-76
15            android:process=":remote" >
15-->src\main\AndroidManifest.xml:4:77-102
16        </service>
17    </application>
18
19</manifest>